
KINSOL starting step for time 1.000000
scsteptol used:        1e-30 
fnormtol  used:        1e-06 
KINSolInit nni=    0  fnorm=                     205000  nfe=     1 
KINSol nni=    1 fnorm=          204960.4470269946 nfe=    15
KINSol nni=    2 fnorm=          61649.35677040219 nfe=    16
KINSol nni=    3 fnorm=          11407.86559573466 nfe=    17
KINSol nni=    4 fnorm=          579.1555535600968 nfe=    18
KINSol nni=    5 fnorm=          1.661908586986634 nfe=    19
KINSol nni=    6 fnorm=       1.37674825526419e-05 nfe=    20
KINSol return value 1
---KINSOL_SUCCESS

-------------------------------------------------- 
                    Iteration             Total
Nonlin. Its.:               6                 6
Lin. Its.:                  6                 6
Func. Evals.:              20                20
PC Evals.:                  6                 6
PC Solves:                 12                12
Lin. Conv. Fails:           0                 0
Beta Cond. Fails:           0                 0
Backtracks:                 0                 0
-------------------------------------------------- 

KINSOL starting step for time 2.000000
scsteptol used:        1e-30 
fnormtol  used:        1e-06 
KINSolInit nni=    0  fnorm=          204997.9857294277  nfe=     1 
KINSol nni=    1 fnorm=           30754.4512549166 nfe=     4
KINSol nni=    2 fnorm=          1413.772634357001 nfe=     5
KINSol nni=    3 fnorm=          3.577478679318393 nfe=     6
KINSol nni=    4 fnorm=      2.310757705932636e-05 nfe=     7
KINSol return value 1
---KINSOL_SUCCESS

-------------------------------------------------- 
                    Iteration             Total
Nonlin. Its.:               4                10
Lin. Its.:                  4                10
Func. Evals.:               7                27
PC Evals.:                  4                10
PC Solves:                  8                20
Lin. Conv. Fails:           0                 0
Beta Cond. Fails:           0                 0
Backtracks:                 0                 0
-------------------------------------------------- 

KINSOL starting step for time 3.000000
scsteptol used:        1e-30 
fnormtol  used:        1e-06 
KINSolInit nni=    0  fnorm=          204936.4848066314  nfe=     1 
KINSol nni=    1 fnorm=          37352.84115875624 nfe=     2
KINSol nni=    2 fnorm=          11901.66315867684 nfe=     3
KINSol nni=    3 fnorm=           270.144689361839 nfe=     4
KINSol nni=    4 fnorm=         0.1828761556316952 nfe=     5
KINSol nni=    5 fnorm=      8.654738250275078e-08 nfe=     6
KINSol return value 1
---KINSOL_SUCCESS

-------------------------------------------------- 
                    Iteration             Total
Nonlin. Its.:               5                15
Lin. Its.:                  5                15
Func. Evals.:               6                33
PC Evals.:                  5                15
PC Solves:                 10                30
Lin. Conv. Fails:           0                 0
Beta Cond. Fails:           0                 0
Backtracks:                 0                 0
-------------------------------------------------- 

KINSOL starting step for time 4.000000
scsteptol used:        1e-30 
fnormtol  used:        1e-06 
KINSolInit nni=    0  fnorm=          204346.9046883578  nfe=     1 
KINSol nni=    1 fnorm=          185119.3493102017 nfe=     3
KINSol nni=    2 fnorm=          168424.2173708122 nfe=     5
KINSol nni=    3 fnorm=          154649.2328857166 nfe=     7
KINSol nni=    4 fnorm=           146441.392402603 nfe=    20
KINSol nni=    5 fnorm=          15533.68854634259 nfe=    21
KINSol nni=    6 fnorm=          220.0458419717094 nfe=    22
KINSol nni=    7 fnorm=         0.1053171051637444 nfe=    23
KINSol nni=    8 fnorm=      2.037476478853582e-05 nfe=    24
KINSol nni=    9 fnorm=      5.578181947617099e-09 nfe=    25
KINSol return value 1
---KINSOL_SUCCESS

-------------------------------------------------- 
                    Iteration             Total
Nonlin. Its.:               9                24
Lin. Its.:                 19                34
Func. Evals.:              25                58
PC Evals.:                  9                24
PC Solves:                 28                58
Lin. Conv. Fails:           0                 0
Beta Cond. Fails:           0                 0
Backtracks:                 0                 0
-------------------------------------------------- 

KINSOL starting step for time 5.000000
scsteptol used:        1e-30 
fnormtol  used:        1e-06 
KINSolInit nni=    0  fnorm=           204849.086121605  nfe=     1 
KINSol nni=    1 fnorm=          25004.61094922801 nfe=     2
KINSol nni=    2 fnorm=          292.9920948213831 nfe=     3
KINSol nni=    3 fnorm=         0.1097671825033797 nfe=     4
KINSol nni=    4 fnorm=      2.781258653246603e-05 nfe=     5
KINSol nni=    5 fnorm=      1.831980668706912e-08 nfe=     6
KINSol return value 1
---KINSOL_SUCCESS

-------------------------------------------------- 
                    Iteration             Total
Nonlin. Its.:               5                29
Lin. Its.:                 21                55
Func. Evals.:               6                64
PC Evals.:                  5                29
PC Solves:                 26                84
Lin. Conv. Fails:           0                 0
Beta Cond. Fails:           0                 0
Backtracks:                 0                 0
-------------------------------------------------- 

KINSOL starting step for time 6.000000
scsteptol used:        1e-30 
fnormtol  used:        1e-06 
KINSolInit nni=    0  fnorm=          126830.5541738676  nfe=     1 
KINSol nni=    1 fnorm=          5986.665597867505 nfe=     2
KINSol nni=    2 fnorm=           22.7141232022889 nfe=     3
KINSol nni=    3 fnorm=        0.01217590120622851 nfe=     4
KINSol nni=    4 fnorm=      5.830324915219535e-06 nfe=     5
KINSol nni=    5 fnorm=       5.92285530411983e-09 nfe=     6
KINSol return value 1
---KINSOL_SUCCESS

-------------------------------------------------- 
                    Iteration             Total
Nonlin. Its.:               5                34
Lin. Its.:                 24                79
Func. Evals.:               6                70
PC Evals.:                  5                34
PC Solves:                 29               113
Lin. Conv. Fails:           0                 0
Beta Cond. Fails:           0                 0
Backtracks:                 0                 0
-------------------------------------------------- 

KINSOL starting step for time 7.000000
scsteptol used:        1e-30 
fnormtol  used:        1e-06 
KINSolInit nni=    0  fnorm=          88913.31230662626  nfe=     1 
KINSol nni=    1 fnorm=          2940.383765365493 nfe=     2
KINSol nni=    2 fnorm=          5.780678597600954 nfe=     3
KINSol nni=    3 fnorm=       0.001490478368897849 nfe=     4
KINSol nni=    4 fnorm=      3.698631741964554e-07 nfe=     5
KINSol return value 1
---KINSOL_SUCCESS

-------------------------------------------------- 
                    Iteration             Total
Nonlin. Its.:               4                38
Lin. Its.:                 23               102
Func. Evals.:               5                75
PC Evals.:                  4                38
PC Solves:                 27               140
Lin. Conv. Fails:           0                 0
Beta Cond. Fails:           0                 0
Backtracks:                 0                 0
-------------------------------------------------- 

KINSOL starting step for time 8.000000
scsteptol used:        1e-30 
fnormtol  used:        1e-06 
KINSolInit nni=    0  fnorm=          70608.72287800822  nfe=     1 
KINSol nni=    1 fnorm=          1674.512418883374 nfe=     2
KINSol nni=    2 fnorm=          2.085471426812044 nfe=     3
KINSol nni=    3 fnorm=      0.0006271564676971608 nfe=     4
KINSol nni=    4 fnorm=      1.947856790054555e-07 nfe=     5
KINSol return value 1
---KINSOL_SUCCESS

-------------------------------------------------- 
                    Iteration             Total
Nonlin. Its.:               4                42
Lin. Its.:                 25               127
Func. Evals.:               5                80
PC Evals.:                  4                42
PC Solves:                 29               169
Lin. Conv. Fails:           0                 0
Beta Cond. Fails:           0                 0
Backtracks:                 0                 0
-------------------------------------------------- 

KINSOL starting step for time 9.000000
scsteptol used:        1e-30 
fnormtol  used:        1e-06 
KINSolInit nni=    0  fnorm=          59187.53645754279  nfe=     1 
KINSol nni=    1 fnorm=          1077.111043902524 nfe=     2
KINSol nni=    2 fnorm=          1.144004360701732 nfe=     3
KINSol nni=    3 fnorm=      0.0008022195906931016 nfe=     4
KINSol nni=    4 fnorm=      3.736533121854501e-07 nfe=     5
KINSol return value 1
---KINSOL_SUCCESS

-------------------------------------------------- 
                    Iteration             Total
Nonlin. Its.:               4                46
Lin. Its.:                 26               153
Func. Evals.:               5                85
PC Evals.:                  4                46
PC Solves:                 30               199
Lin. Conv. Fails:           0                 0
Beta Cond. Fails:           0                 0
Backtracks:                 0                 0
-------------------------------------------------- 

KINSOL starting step for time 10.000000
scsteptol used:        1e-30 
fnormtol  used:        1e-06 
KINSolInit nni=    0  fnorm=          49930.62375605138  nfe=     1 
KINSol nni=    1 fnorm=           777.229145783142 nfe=     2
KINSol nni=    2 fnorm=         0.5897728626617336 nfe=     3
KINSol nni=    3 fnorm=      0.0004015284970177074 nfe=     4
KINSol nni=    4 fnorm=      1.261656761400931e-07 nfe=     5
KINSol return value 1
---KINSOL_SUCCESS

-------------------------------------------------- 
                    Iteration             Total
Nonlin. Its.:               4                50
Lin. Its.:                 27               180
Func. Evals.:               5                90
PC Evals.:                  4                50
PC Solves:                 31               230
Lin. Conv. Fails:           0                 0
Beta Cond. Fails:           0                 0
Backtracks:                 0                 0
-------------------------------------------------- 

KINSOL starting step for time 11.000000
scsteptol used:        1e-30 
fnormtol  used:        1e-06 
KINSolInit nni=    0  fnorm=          41453.48604337667  nfe=     1 
KINSol nni=    1 fnorm=          535.9651475013144 nfe=     2
KINSol nni=    2 fnorm=          0.325949857287291 nfe=     3
KINSol nni=    3 fnorm=      0.0001562778757487643 nfe=     4
KINSol nni=    4 fnorm=      9.127694032634303e-08 nfe=     5
KINSol return value 1
---KINSOL_SUCCESS

-------------------------------------------------- 
                    Iteration             Total
Nonlin. Its.:               4                54
Lin. Its.:                 26               206
Func. Evals.:               5                95
PC Evals.:                  4                54
PC Solves:                 30               260
Lin. Conv. Fails:           0                 0
Beta Cond. Fails:           0                 0
Backtracks:                 0                 0
-------------------------------------------------- 

KINSOL starting step for time 12.000000
scsteptol used:        1e-30 
fnormtol  used:        1e-06 
KINSolInit nni=    0  fnorm=          33933.34753027553  nfe=     1 
KINSol nni=    1 fnorm=          353.3029319166332 nfe=     2
KINSol nni=    2 fnorm=         0.2053985807264788 nfe=     3
KINSol nni=    3 fnorm=      0.0001522099863866634 nfe=     4
KINSol nni=    4 fnorm=      4.645290203895114e-08 nfe=     5
KINSol return value 1
---KINSOL_SUCCESS

-------------------------------------------------- 
                    Iteration             Total
Nonlin. Its.:               4                58
Lin. Its.:                 25               231
Func. Evals.:               5               100
PC Evals.:                  4                58
PC Solves:                 29               289
Lin. Conv. Fails:           0                 0
Beta Cond. Fails:           0                 0
Backtracks:                 0                 0
-------------------------------------------------- 

KINSOL starting step for time 13.000000
scsteptol used:        1e-30 
fnormtol  used:        1e-06 
KINSolInit nni=    0  fnorm=          28002.71825305992  nfe=     1 
KINSol nni=    1 fnorm=          245.2203534326608 nfe=     2
KINSol nni=    2 fnorm=         0.1391423892088993 nfe=     3
KINSol nni=    3 fnorm=      0.0001085633954053241 nfe=     4
KINSol nni=    4 fnorm=       8.84510188285758e-08 nfe=     5
KINSol return value 1
---KINSOL_SUCCESS

-------------------------------------------------- 
                    Iteration             Total
Nonlin. Its.:               4                62
Lin. Its.:                 24               255
Func. Evals.:               5               105
PC Evals.:                  4                62
PC Solves:                 28               317
Lin. Conv. Fails:           0                 0
Beta Cond. Fails:           0                 0
Backtracks:                 0                 0
-------------------------------------------------- 

KINSOL starting step for time 14.000000
scsteptol used:        1e-30 
fnormtol  used:        1e-06 
KINSolInit nni=    0  fnorm=          24040.64437425563  nfe=     1 
KINSol nni=    1 fnorm=          186.3122633406991 nfe=     2
KINSol nni=    2 fnorm=        0.09682960835753174 nfe=     3
KINSol nni=    3 fnorm=      8.138455786230616e-05 nfe=     4
KINSol nni=    4 fnorm=      6.674329673750785e-08 nfe=     5
KINSol return value 1
---KINSOL_SUCCESS

-------------------------------------------------- 
                    Iteration             Total
Nonlin. Its.:               4                66
Lin. Its.:                 24               279
Func. Evals.:               5               110
PC Evals.:                  4                66
PC Solves:                 28               345
Lin. Conv. Fails:           0                 0
Beta Cond. Fails:           0                 0
Backtracks:                 0                 0
-------------------------------------------------- 

KINSOL starting step for time 15.000000
scsteptol used:        1e-30 
fnormtol  used:        1e-06 
KINSolInit nni=    0  fnorm=          21836.55112476178  nfe=     1 
KINSol nni=    1 fnorm=          149.6258005683477 nfe=     2
KINSol nni=    2 fnorm=         0.0707600848792902 nfe=     3
KINSol nni=    3 fnorm=      1.220481872509146e-05 nfe=     4
KINSol nni=    4 fnorm=      2.424316481994872e-09 nfe=     5
KINSol return value 1
---KINSOL_SUCCESS

-------------------------------------------------- 
                    Iteration             Total
Nonlin. Its.:               4                70
Lin. Its.:                 27               306
Func. Evals.:               5               115
PC Evals.:                  4                70
PC Solves:                 31               376
Lin. Conv. Fails:           0                 0
Beta Cond. Fails:           0                 0
Backtracks:                 0                 0
-------------------------------------------------- 

KINSOL starting step for time 16.000000
scsteptol used:        1e-30 
fnormtol  used:        1e-06 
KINSolInit nni=    0  fnorm=          20745.58479418925  nfe=     1 
KINSol nni=    1 fnorm=          120.9807046369594 nfe=     2
KINSol nni=    2 fnorm=         0.0546214033669899 nfe=     3
KINSol nni=    3 fnorm=      1.672154616236459e-05 nfe=     4
KINSol nni=    4 fnorm=      1.173175026427777e-08 nfe=     5
KINSol return value 1
---KINSOL_SUCCESS

-------------------------------------------------- 
                    Iteration             Total
Nonlin. Its.:               4                74
Lin. Its.:                 26               332
Func. Evals.:               5               120
PC Evals.:                  4                74
PC Solves:                 30               406
Lin. Conv. Fails:           0                 0
Beta Cond. Fails:           0                 0
Backtracks:                 0                 0
-------------------------------------------------- 

KINSOL starting step for time 17.000000
scsteptol used:        1e-30 
fnormtol  used:        1e-06 
KINSolInit nni=    0  fnorm=          20127.09456969817  nfe=     1 
KINSol nni=    1 fnorm=          96.40055797575813 nfe=     2
KINSol nni=    2 fnorm=        0.04479857835188369 nfe=     3
KINSol nni=    3 fnorm=      3.794106070191165e-05 nfe=     4
KINSol nni=    4 fnorm=      3.371274616154314e-08 nfe=     5
KINSol return value 1
---KINSOL_SUCCESS

-------------------------------------------------- 
                    Iteration             Total
Nonlin. Its.:               4                78
Lin. Its.:                 25               357
Func. Evals.:               5               125
PC Evals.:                  4                78
PC Solves:                 29               435
Lin. Conv. Fails:           0                 0
Beta Cond. Fails:           0                 0
Backtracks:                 0                 0
-------------------------------------------------- 

KINSOL starting step for time 18.000000
scsteptol used:        1e-30 
fnormtol  used:        1e-06 
KINSolInit nni=    0  fnorm=          19592.65278525306  nfe=     1 
KINSol nni=    1 fnorm=          75.98552760875587 nfe=     2
KINSol nni=    2 fnorm=        0.03780419098682072 nfe=     3
KINSol nni=    3 fnorm=      1.258536660204618e-05 nfe=     4
KINSol nni=    4 fnorm=      3.151510307016209e-09 nfe=     5
KINSol return value 1
---KINSOL_SUCCESS

-------------------------------------------------- 
                    Iteration             Total
Nonlin. Its.:               4                82
Lin. Its.:                 26               383
Func. Evals.:               5               130
PC Evals.:                  4                82
PC Solves:                 30               465
Lin. Conv. Fails:           0                 0
Beta Cond. Fails:           0                 0
Backtracks:                 0                 0
-------------------------------------------------- 

KINSOL starting step for time 19.000000
scsteptol used:        1e-30 
fnormtol  used:        1e-06 
KINSolInit nni=    0  fnorm=          18985.23213748771  nfe=     1 
KINSol nni=    1 fnorm=          65.02278719421372 nfe=     2
KINSol nni=    2 fnorm=         0.0342887694710901 nfe=     3
KINSol nni=    3 fnorm=      4.295342669890453e-06 nfe=     4
KINSol nni=    4 fnorm=      6.105323971762868e-09 nfe=     5
KINSol return value 1
---KINSOL_SUCCESS

-------------------------------------------------- 
                    Iteration             Total
Nonlin. Its.:               4                86
Lin. Its.:                 23               406
Func. Evals.:               5               135
PC Evals.:                  4                86
PC Solves:                 27               492
Lin. Conv. Fails:           0                 0
Beta Cond. Fails:           0                 0
Backtracks:                 0                 0
-------------------------------------------------- 

KINSOL starting step for time 20.000000
scsteptol used:        1e-30 
fnormtol  used:        1e-06 
KINSolInit nni=    0  fnorm=           18277.2663056968  nfe=     1 
KINSol nni=    1 fnorm=          53.40551578714372 nfe=     2
KINSol nni=    2 fnorm=        0.02676662885205778 nfe=     3
KINSol nni=    3 fnorm=      1.309504383910919e-05 nfe=     4
KINSol nni=    4 fnorm=      1.082351800411212e-08 nfe=     5
KINSol return value 1
---KINSOL_SUCCESS

-------------------------------------------------- 
                    Iteration             Total
Nonlin. Its.:               4                90
Lin. Its.:                 23               429
Func. Evals.:               5               140
PC Evals.:                  4                90
PC Solves:                 27               519
Lin. Conv. Fails:           0                 0
Beta Cond. Fails:           0                 0
Backtracks:                 0                 0
-------------------------------------------------- 
